('program', 1)
('1', 'Pair{first=49, second=0}')
('m', 'Pair{first=9, second=0}')
('a', 'Pair{first=97, second=0}')
('x', 'Pair{first=20, second=0}')
('m', 'Pair{first=20, second=0}')
('i', 'Pair{first=5, second=0}')
('n', 'Pair{first=10, second=0}')
(';', 32)
('var', 2)
('a', 'Pair{first=10, second=0}')
(':', 33)
('int', 3)
(';', 32)
('var', 2)
('b', 'Pair{first=98, second=0}')
(':', 33)
('int', 3)
(';', 32)
('var', 2)
('c', 'Pair{first=99, second=0}')
(':', 33)
('int', 3)
(';', 32)
('var', 2)
('max', 'Pair{first=26, second=0}')
(':', 33)
('int', 3)
(';', 32)
('var', 2)
('min', 'Pair{first=24, second=0}')
(':', 33)
('int', 3)
(';', 32)
('INTEGER_CONSTANT', 35)
('123', 'Pair{first=50, second=0}')
(';', 32)
('BEGIN', 5)
('read', 12)
('(', 26)
('a', 'Pair{first=50, second=0}')
(')', 27)
(';', 32)
('read', 12)
('(', 26)
('b', 'Pair{first=50, second=0}')
(')', 27)
(';', 32)
('read', 12)
('(', 26)
('c', 'Pair{first=50, second=0}')
(')', 27)
(';', 32)
('if', 7)
('(', 26)
('a', 'Pair{first=50, second=0}')
('>=', 25)
('b', 'Pair{first=50, second=0}')
(')', 27)
('then', 9)
('if', 7)
('(', 26)
('a', 'Pair{first=50, second=0}')
('>=', 25)
('c', 'Pair{first=50, second=0}')
(')', 27)
('then', 9)
('max', 'Pair{first=50, second=0}')
(':=', 14)
('a', 'Pair{first=50, second=0}')
('else', 8)
('max', 'Pair{first=50, second=0}')
(':=', 14)
('c', 'Pair{first=50, second=0}')
('else', 8)
('if', 7)
('(', 26)
('b', 'Pair{first=50, second=0}')
('>=', 25)
('c', 'Pair{first=50, second=0}')
(')', 27)
('then', 9)
('max', 'Pair{first=50, second=0}')
(':=', 14)
('b', 'Pair{first=50, second=0}')
('else', 8)
('max', 'Pair{first=50, second=0}')
(':=', 14)
('c', 'Pair{first=50, second=0}')
(';', 32)
('if', 7)
('(', 26)
('a', 'Pair{first=50, second=0}')
('<=', 22)
('b', 'Pair{first=50, second=0}')
(')', 27)
('then', 9)
('if', 7)
('(', 26)
('a', 'Pair{first=50, second=0}')
('<=', 22)
('c', 'Pair{first=50, second=0}')
(')', 27)
('then', 9)
('min', 'Pair{first=50, second=0}')
(':=', 14)
('a', 'Pair{first=50, second=0}')
('else', 8)
('min', 'Pair{first=50, second=0}')
(':=', 14)
('c', 'Pair{first=50, second=0}')
('else', 8)
('if', 7)
('(', 26)
('b', 'Pair{first=50, second=0}')
('<=', 22)
('c', 'Pair{first=50, second=0}')
(')', 27)
('then', 9)
('min', 'Pair{first=50, second=0}')
(':=', 14)
('b', 'Pair{first=50, second=0}')
('else', 8)
('min', 'Pair{first=50, second=0}')
(':=', 14)
('c', 'Pair{first=50, second=0}')
(';', 32)
('write', 13)
('(', 26)
('max', 'Pair{first=50, second=0}')
(')', 27)
(';', 32)
('write', 13)
('(', 26)
('min', 'Pair{first=50, second=0}')
(')', 27)
(';', 32)
('END', 6)
